20-07-13 02:55:52.545 : Params number: 364726
20-07-13 02:55:52.545 : ./dataset/testset/
20-07-13 02:55:52.545 : results/test/
20-07-13 02:55:52.546 : ---1-->   0901.png
20-07-13 02:55:53.222 : ---2-->   0902.png
20-07-13 02:55:53.471 : ---3-->   0903.png
20-07-13 02:55:53.855 : ---4-->   0904.png
20-07-13 02:55:54.214 : ---5-->   0905.png
20-07-13 02:55:54.522 : ---6-->   0906.png
20-07-13 02:55:54.846 : ---7-->   0907.png
20-07-13 02:55:55.214 : ---8-->   0908.png
20-07-13 02:55:55.527 : ---9-->   0909.png
20-07-13 02:55:55.839 : --10-->   0910.png
20-07-13 02:55:56.127 : --11-->   0911.png
20-07-13 02:55:56.429 : --12-->   0912.png
20-07-13 02:55:56.648 : --13-->   0913.png
20-07-13 02:55:56.960 : --14-->   0914.png
20-07-13 02:55:57.214 : --15-->   0915.png
20-07-13 02:55:57.547 : --16-->   0916.png
20-07-13 02:55:57.842 : --17-->   0917.png
20-07-13 02:55:58.153 : --18-->   0918.png
20-07-13 02:55:58.427 : --19-->   0919.png
20-07-13 02:55:58.732 : --20-->   0920.png
20-07-13 02:55:59.047 : --21-->   0921.png
20-07-13 02:55:59.359 : --22-->   0922.png
20-07-13 02:55:59.689 : --23-->   0923.png
20-07-13 02:56:00.092 : --24-->   0924.png
20-07-13 02:56:00.415 : --25-->   0925.png
20-07-13 02:56:00.766 : --26-->   0926.png
20-07-13 02:56:00.936 : --27-->   0927.png
20-07-13 02:56:01.149 : --28-->   0928.png
20-07-13 02:56:01.462 : --29-->   0929.png
20-07-13 02:56:01.754 : --30-->   0930.png
20-07-13 02:56:02.026 : --31-->   0931.png
20-07-13 02:56:02.338 : --32-->   0932.png
20-07-13 02:56:02.656 : --33-->   0933.png
20-07-13 02:56:02.902 : --34-->   0934.png
20-07-13 02:56:03.192 : --35-->   0935.png
20-07-13 02:56:03.498 : --36-->   0936.png
20-07-13 02:56:03.847 : --37-->   0937.png
20-07-13 02:56:04.096 : --38-->   0938.png
20-07-13 02:56:04.426 : --39-->   0939.png
20-07-13 02:56:04.730 : --40-->   0940.png
20-07-13 02:56:05.001 : --41-->   0941.png
20-07-13 02:56:05.349 : --42-->   0942.png
20-07-13 02:56:05.645 : --43-->   0943.png
20-07-13 02:56:05.968 : --44-->   0944.png
20-07-13 02:56:06.264 : --45-->   0945.png
20-07-13 02:56:06.641 : --46-->   0946.png
20-07-13 02:56:06.949 : --47-->   0947.png
20-07-13 02:56:07.194 : --48-->   0948.png
20-07-13 02:56:07.546 : --49-->   0949.png
20-07-13 02:56:07.831 : --50-->   0950.png
20-07-13 02:56:08.147 : --51-->   0951.png
20-07-13 02:56:08.484 : --52-->   0952.png
20-07-13 02:56:08.783 : --53-->   0953.png
20-07-13 02:56:09.082 : --54-->   0954.png
20-07-13 02:56:09.396 : --55-->   0955.png
20-07-13 02:56:09.695 : --56-->   0956.png
20-07-13 02:56:10.009 : --57-->   0957.png
20-07-13 02:56:10.352 : --58-->   0958.png
20-07-13 02:56:10.656 : --59-->   0959.png
20-07-13 02:56:10.941 : --60-->   0960.png
20-07-13 02:56:11.328 : --61-->   0961.png
20-07-13 02:56:11.630 : --62-->   0962.png
20-07-13 02:56:11.892 : --63-->   0963.png
20-07-13 02:56:12.208 : --64-->   0964.png
20-07-13 02:56:12.467 : --65-->   0965.png
20-07-13 02:56:12.771 : --66-->   0966.png
20-07-13 02:56:13.089 : --67-->   0967.png
20-07-13 02:56:13.362 : --68-->   0968.png
20-07-13 02:56:13.668 : --69-->   0969.png
20-07-13 02:56:13.885 : --70-->   0970.png
20-07-13 02:56:14.201 : --71-->   0971.png
20-07-13 02:56:14.513 : --72-->   0972.png
20-07-13 02:56:14.831 : --73-->   0973.png
20-07-13 02:56:15.141 : --74-->   0974.png
20-07-13 02:56:15.412 : --75-->   0975.png
20-07-13 02:56:15.747 : --76-->   0976.png
20-07-13 02:56:16.062 : --77-->   0977.png
20-07-13 02:56:16.391 : --78-->   0978.png
20-07-13 02:56:16.695 : --79-->   0979.png
20-07-13 02:56:16.987 : --80-->   0980.png
20-07-13 02:56:17.290 : --81-->   0981.png
20-07-13 02:56:17.766 : --82-->   0982.png
20-07-13 02:56:18.056 : --83-->   0983.png
20-07-13 02:56:18.367 : --84-->   0984.png
20-07-13 02:56:18.626 : --85-->   0985.png
20-07-13 02:56:18.962 : --86-->   0986.png
20-07-13 02:56:19.331 : --87-->   0987.png
20-07-13 02:56:19.639 : --88-->   0988.png
20-07-13 02:56:19.939 : --89-->   0989.png
20-07-13 02:56:20.247 : --90-->   0990.png
20-07-13 02:56:20.579 : --91-->   0991.png
20-07-13 02:56:20.983 : --92-->   0992.png
20-07-13 02:56:21.296 : --93-->   0993.png
20-07-13 02:56:21.517 : --94-->   0994.png
20-07-13 02:56:21.853 : --95-->   0995.png
20-07-13 02:56:22.176 : --96-->   0996.png
20-07-13 02:56:22.495 : --97-->   0997.png
20-07-13 02:56:22.761 : --98-->   0998.png
20-07-13 02:56:23.065 : --99-->   0999.png
20-07-13 02:56:23.392 : -100-->   1000.png
20-07-13 02:56:23.719 : ------> Average runtime of (./dataset/testset/) is : 0.068665 seconds
